<?xml version="1.0" encoding="UTF-8" ?>
<testsuite failures="0" time="0.274" errors="0" skipped="0" tests="75" name="net.sourceforge.pmd.stat.StatisticalRuleTest">
  <properties>
    <property name="java.runtime.name" value="Java(TM) SE Runtime Environment"/>
    <property name="sun.boot.library.path" value="/Library/Java/JavaVirtualMachines/1.7.0.jdk/Contents/Home/jre/lib"/>
    <property name="java.vm.version" value="23.1-b03"/>
    <property name="gopherProxySet" value="false"/>
    <property name="java.vm.vendor" value="Oracle Corporation"/>
    <property name="java.vendor.url" value="http://java.oracle.com/"/>
    <property name="path.separator" value=":"/>
    <property name="guice.disable.misplaced.annotation.check" value="true"/>
    <property name="java.vm.name" value="Java HotSpot(TM) 64-Bit Server VM"/>
    <property name="file.encoding.pkg" value="sun.io"/>
    <property name="user.country" value="KR"/>
    <property name="sun.java.launcher" value="SUN_STANDARD"/>
    <property name="sun.os.patch.level" value="unknown"/>
    <property name="java.vm.specification.name" value="Java Virtual Machine Specification"/>
    <property name="user.dir" value="/Users/YHCRetinaPro/Desktop/eclipse-jee-indigo-SR2/workspace/pmd_STANly"/>
    <property name="java.runtime.version" value="1.7.0_05-b06"/>
    <property name="java.awt.graphicsenv" value="sun.awt.CGraphicsEnvironment"/>
    <property name="java.endorsed.dirs" value="/Library/Java/JavaVirtualMachines/1.7.0.jdk/Contents/Home/jre/lib/endorsed"/>
    <property name="os.arch" value="x86_64"/>
    <property name="java.io.tmpdir" value="/var/folders/9d/rpksp1g5263_j2byfjgdf5s80000gn/T/"/>
    <property name="line.separator" value="
"/>
    <property name="java.vm.specification.vendor" value="Oracle Corporation"/>
    <property name="os.name" value="Mac OS X"/>
    <property name="classworlds.conf" value="/Users/YHCRetinaPro/Desktop/eclipse-jee-indigo-SR2/workspace/.metadata/.plugins/org.eclipse.m2e.core/launches/m2conf1734157347805205855.tmp"/>
    <property name="sun.jnu.encoding" value="US-ASCII"/>
    <property name="java.library.path" value="/Users/YHCRetinaPro/Library/Java/Extensions:/Library/Java/Extensions:/Network/Library/Java/Extensions:/System/Library/Java/Extensions:/usr/lib/java:."/>
    <property name="java.specification.name" value="Java Platform API Specification"/>
    <property name="java.class.version" value="51.0"/>
    <property name="sun.management.compiler" value="HotSpot 64-Bit Tiered Compilers"/>
    <property name="os.version" value="10.8.2"/>
    <property name="http.nonProxyHosts" value="local|*.local|169.254/16|*.169.254/16"/>
    <property name="user.home" value="/Users/YHCRetinaPro"/>
    <property name="user.timezone" value="Asia/Seoul"/>
    <property name="java.awt.printerjob" value="sun.lwawt.macosx.CPrinterJob"/>
    <property name="java.specification.version" value="1.7"/>
    <property name="file.encoding" value="EUC_KR"/>
    <property name="user.name" value="YHCRetinaPro"/>
    <property name="java.class.path" value="/Users/YHCRetinaPro/Desktop/eclipse-jee-indigo-SR2/plugins/org.eclipse.m2e.maven.runtime_1.0.200.20111228-1245/jars/plexus-classworlds-2.4.jar"/>
    <property name="java.vm.specification.version" value="1.7"/>
    <property name="sun.arch.data.model" value="64"/>
    <property name="java.home" value="/Library/Java/JavaVirtualMachines/1.7.0.jdk/Contents/Home/jre"/>
    <property name="sun.java.command" value="org.codehaus.plexus.classworlds.launcher.Launcher -B test"/>
    <property name="java.specification.vendor" value="Oracle Corporation"/>
    <property name="user.language" value="ko"/>
    <property name="awt.toolkit" value="sun.lwawt.macosx.LWCToolkit"/>
    <property name="java.vm.info" value="mixed mode"/>
    <property name="java.version" value="1.7.0_05"/>
    <property name="java.ext.dirs" value="/Users/YHCRetinaPro/Library/Java/Extensions:/Library/Java/JavaVirtualMachines/1.7.0.jdk/Contents/Home/jre/lib/ext:/Library/Java/Extensions:/Network/Library/Java/Extensions:/System/Library/Java/Extensions:/usr/lib/java"/>
    <property name="sun.boot.class.path" value="/Library/Java/JavaVirtualMachines/1.7.0.jdk/Contents/Home/jre/lib/resources.jar:/Library/Java/JavaVirtualMachines/1.7.0.jdk/Contents/Home/jre/lib/rt.jar:/Library/Java/JavaVirtualMachines/1.7.0.jdk/Contents/Home/jre/lib/sunrsasign.jar:/Library/Java/JavaVirtualMachines/1.7.0.jdk/Contents/Home/jre/lib/jsse.jar:/Library/Java/JavaVirtualMachines/1.7.0.jdk/Contents/Home/jre/lib/jce.jar:/Library/Java/JavaVirtualMachines/1.7.0.jdk/Contents/Home/jre/lib/charsets.jar:/Library/Java/JavaVirtualMachines/1.7.0.jdk/Contents/Home/jre/lib/jfr.jar:/Library/Java/JavaVirtualMachines/1.7.0.jdk/Contents/Home/jre/lib/JObjC.jar:/Library/Java/JavaVirtualMachines/1.7.0.jdk/Contents/Home/jre/classes"/>
    <property name="java.vendor" value="Oracle Corporation"/>
    <property name="maven.home" value="/Users/YHCRetinaPro/Desktop/eclipse-jee-indigo-SR2/workspace/pmd_STANly/EMBEDDED"/>
    <property name="file.separator" value="/"/>
    <property name="java.vendor.url.bug" value="http://bugreport.sun.com/bugreport/"/>
    <property name="sun.cpu.endian" value="little"/>
    <property name="sun.io.unicode.encoding" value="UnicodeBig"/>
    <property name="socksNonProxyHosts" value="local|*.local|169.254/16|*.169.254/16"/>
    <property name="ftp.nonProxyHosts" value="local|*.local|169.254/16|*.169.254/16"/>
    <property name="sun.cpu.isalist" value=""/>
  </properties>
  <testcase time="0.004" classname="net.sourceforge.pmd.stat.StatisticalRuleTest" name="testM4"/>
  <testcase time="0.004" classname="net.sourceforge.pmd.stat.StatisticalRuleTest" name="testM5"/>
  <testcase time="0.002" classname="net.sourceforge.pmd.stat.StatisticalRuleTest" name="testST"/>
  <testcase time="0.002" classname="net.sourceforge.pmd.stat.StatisticalRuleTest" name="testST1"/>
  <testcase time="0.003" classname="net.sourceforge.pmd.stat.StatisticalRuleTest" name="testST2"/>
  <testcase time="0.003" classname="net.sourceforge.pmd.stat.StatisticalRuleTest" name="testST3"/>
  <testcase time="0.003" classname="net.sourceforge.pmd.stat.StatisticalRuleTest" name="testST4"/>
  <testcase time="0.003" classname="net.sourceforge.pmd.stat.StatisticalRuleTest" name="testST5"/>
  <testcase time="0.003" classname="net.sourceforge.pmd.stat.StatisticalRuleTest" name="testTS"/>
  <testcase time="0.004" classname="net.sourceforge.pmd.stat.StatisticalRuleTest" name="testTS1"/>
  <testcase time="0.004" classname="net.sourceforge.pmd.stat.StatisticalRuleTest" name="testTS2"/>
  <testcase time="0.003" classname="net.sourceforge.pmd.stat.StatisticalRuleTest" name="testTS3"/>
  <testcase time="0.003" classname="net.sourceforge.pmd.stat.StatisticalRuleTest" name="testTS4"/>
  <testcase time="0.003" classname="net.sourceforge.pmd.stat.StatisticalRuleTest" name="testTS5"/>
  <testcase time="0.004" classname="net.sourceforge.pmd.stat.StatisticalRuleTest" name="testSM"/>
  <testcase time="0.004" classname="net.sourceforge.pmd.stat.StatisticalRuleTest" name="testSM1"/>
  <testcase time="0.003" classname="net.sourceforge.pmd.stat.StatisticalRuleTest" name="testSM2"/>
  <testcase time="0.003" classname="net.sourceforge.pmd.stat.StatisticalRuleTest" name="testSM3"/>
  <testcase time="0.005" classname="net.sourceforge.pmd.stat.StatisticalRuleTest" name="testSM4"/>
  <testcase time="0.005" classname="net.sourceforge.pmd.stat.StatisticalRuleTest" name="testSM5"/>
  <testcase time="0.004" classname="net.sourceforge.pmd.stat.StatisticalRuleTest" name="testMS"/>
  <testcase time="0.003" classname="net.sourceforge.pmd.stat.StatisticalRuleTest" name="testMS1"/>
  <testcase time="0.004" classname="net.sourceforge.pmd.stat.StatisticalRuleTest" name="testMS2"/>
  <testcase time="0.003" classname="net.sourceforge.pmd.stat.StatisticalRuleTest" name="testMS3"/>
  <testcase time="0.004" classname="net.sourceforge.pmd.stat.StatisticalRuleTest" name="testMS4"/>
  <testcase time="0.004" classname="net.sourceforge.pmd.stat.StatisticalRuleTest" name="testMS5"/>
  <testcase time="0.003" classname="net.sourceforge.pmd.stat.StatisticalRuleTest" name="testTM"/>
  <testcase time="0.003" classname="net.sourceforge.pmd.stat.StatisticalRuleTest" name="testTM1"/>
  <testcase time="0.004" classname="net.sourceforge.pmd.stat.StatisticalRuleTest" name="testTM2"/>
  <testcase time="0.003" classname="net.sourceforge.pmd.stat.StatisticalRuleTest" name="testTM3"/>
  <testcase time="0.003" classname="net.sourceforge.pmd.stat.StatisticalRuleTest" name="testTM4"/>
  <testcase time="0.004" classname="net.sourceforge.pmd.stat.StatisticalRuleTest" name="testTM5"/>
  <testcase time="0.003" classname="net.sourceforge.pmd.stat.StatisticalRuleTest" name="testMT"/>
  <testcase time="0.004" classname="net.sourceforge.pmd.stat.StatisticalRuleTest" name="testMT1"/>
  <testcase time="0.004" classname="net.sourceforge.pmd.stat.StatisticalRuleTest" name="testMT2"/>
  <testcase time="0.004" classname="net.sourceforge.pmd.stat.StatisticalRuleTest" name="testMT3"/>
  <testcase time="0.005" classname="net.sourceforge.pmd.stat.StatisticalRuleTest" name="testMT4"/>
  <testcase time="0.004" classname="net.sourceforge.pmd.stat.StatisticalRuleTest" name="testMT5"/>
  <testcase time="0.004" classname="net.sourceforge.pmd.stat.StatisticalRuleTest" name="testSTM"/>
  <testcase time="0.003" classname="net.sourceforge.pmd.stat.StatisticalRuleTest" name="testSTM1"/>
  <testcase time="0.003" classname="net.sourceforge.pmd.stat.StatisticalRuleTest" name="testSTM2"/>
  <testcase time="0.004" classname="net.sourceforge.pmd.stat.StatisticalRuleTest" name="testSTM3"/>
  <testcase time="0.003" classname="net.sourceforge.pmd.stat.StatisticalRuleTest" name="testSTM4"/>
  <testcase time="0.004" classname="net.sourceforge.pmd.stat.StatisticalRuleTest" name="testSTM5"/>
  <testcase time="0.003" classname="net.sourceforge.pmd.stat.StatisticalRuleTest" name="testSMT"/>
  <testcase time="0.003" classname="net.sourceforge.pmd.stat.StatisticalRuleTest" name="testSMT1"/>
  <testcase time="0.004" classname="net.sourceforge.pmd.stat.StatisticalRuleTest" name="testSMT2"/>
  <testcase time="0.003" classname="net.sourceforge.pmd.stat.StatisticalRuleTest" name="testSMT3"/>
  <testcase time="0.004" classname="net.sourceforge.pmd.stat.StatisticalRuleTest" name="testSMT4"/>
  <testcase time="0.003" classname="net.sourceforge.pmd.stat.StatisticalRuleTest" name="testSMT5"/>
  <testcase time="0.004" classname="net.sourceforge.pmd.stat.StatisticalRuleTest" name="testTMS"/>
  <testcase time="0.003" classname="net.sourceforge.pmd.stat.StatisticalRuleTest" name="testTMS1"/>
  <testcase time="0.003" classname="net.sourceforge.pmd.stat.StatisticalRuleTest" name="testMetrics"/>
  <testcase time="0.002" classname="net.sourceforge.pmd.stat.StatisticalRuleTest" name="testExpectedMinimum"/>
  <testcase time="0.001" classname="net.sourceforge.pmd.stat.StatisticalRuleTest" name="testSingleDatapoint"/>
  <testcase time="0.004" classname="net.sourceforge.pmd.stat.StatisticalRuleTest" name="testS"/>
  <testcase time="0.004" classname="net.sourceforge.pmd.stat.StatisticalRuleTest" name="testS1"/>
  <testcase time="0.003" classname="net.sourceforge.pmd.stat.StatisticalRuleTest" name="testS2"/>
  <testcase time="0.004" classname="net.sourceforge.pmd.stat.StatisticalRuleTest" name="testS3"/>
  <testcase time="0.005" classname="net.sourceforge.pmd.stat.StatisticalRuleTest" name="testS4"/>
  <testcase time="0.004" classname="net.sourceforge.pmd.stat.StatisticalRuleTest" name="testS5"/>
  <testcase time="0.006" classname="net.sourceforge.pmd.stat.StatisticalRuleTest" name="testT"/>
  <testcase time="0.005" classname="net.sourceforge.pmd.stat.StatisticalRuleTest" name="testT1"/>
  <testcase time="0.005" classname="net.sourceforge.pmd.stat.StatisticalRuleTest" name="testT2"/>
  <testcase time="0.005" classname="net.sourceforge.pmd.stat.StatisticalRuleTest" name="testT3"/>
  <testcase time="0.005" classname="net.sourceforge.pmd.stat.StatisticalRuleTest" name="testT4"/>
  <testcase time="0.005" classname="net.sourceforge.pmd.stat.StatisticalRuleTest" name="testT5"/>
  <testcase time="0.004" classname="net.sourceforge.pmd.stat.StatisticalRuleTest" name="testM"/>
  <testcase time="0.004" classname="net.sourceforge.pmd.stat.StatisticalRuleTest" name="testM1"/>
  <testcase time="0.005" classname="net.sourceforge.pmd.stat.StatisticalRuleTest" name="testM2"/>
  <testcase time="0.003" classname="net.sourceforge.pmd.stat.StatisticalRuleTest" name="testM3"/>
  <testcase time="0.003" classname="net.sourceforge.pmd.stat.StatisticalRuleTest" name="testTMS2"/>
  <testcase time="0.005" classname="net.sourceforge.pmd.stat.StatisticalRuleTest" name="testTMS3"/>
  <testcase time="0.003" classname="net.sourceforge.pmd.stat.StatisticalRuleTest" name="testTMS4"/>
  <testcase time="0.004" classname="net.sourceforge.pmd.stat.StatisticalRuleTest" name="testTMS5"/>
</testsuite>